2025-05-12 10:07:14,035 - INFO - Processing query: explain the contents in the pdf @IEEE 730, @IEEE 829
2025-05-12 10:07:14,037 - INFO - Settings: {'useOnlineContext': False, 'useDatabase': True}
2025-05-12 10:07:14,037 - INFO - Chosen PDFs: ['IEEE 730', 'IEEE 829']
2025-05-12 10:07:16,021 - INFO - Processing 2 chosen PDFs in parallel
2025-05-12 10:07:16,023 - INFO - Processing PDF: IEEE 730
2025-05-12 10:07:16,026 - INFO - Processing PDF: IEEE 829
2025-05-12 10:07:20,637 - INFO - Finished processing PDF IEEE 829 in 4.61s
2025-05-12 10:07:20,700 - INFO - Finished processing PDF IEEE 730 in 4.68s
2025-05-12 10:07:33,664 - INFO - Processing 3 relevant PDFs in parallel
2025-05-12 10:07:33,664 - INFO - Processing PDF: ISO-IEC-IEEE-29119-1
2025-05-12 10:07:33,665 - INFO - Processing PDF: IEEE24765
2025-05-12 10:07:33,665 - INFO - Processing PDF: ISO-IEC-IEEE-90003-2018
2025-05-12 10:07:33,843 - INFO - Finished processing PDF ISO-IEC-IEEE-90003-2018 in 0.18s
2025-05-12 10:07:34,731 - INFO - Finished processing PDF ISO-IEC-IEEE-29119-1 in 1.07s
2025-05-12 10:07:39,446 - INFO - Finished processing PDF IEEE24765 in 5.78s
2025-05-12 10:12:14,938 - INFO - Total query processing time: 300.90s
2025-05-12 10:52:54,411 - INFO - Processing query: What specific IEEE 730 clauses address data security requirements?
2025-05-12 10:52:54,412 - INFO - Settings: {'useOnlineContext': False, 'useDatabase': True}
2025-05-12 10:52:54,413 - INFO - Chosen PDFs: []
2025-05-12 10:53:09,327 - INFO - Processing 5 relevant PDFs in parallel
2025-05-12 10:53:09,537 - INFO - Processing PDF: IEEE 829
2025-05-12 10:53:09,538 - INFO - Processing PDF: IEEE 730
2025-05-12 10:53:09,540 - INFO - Processing PDF: IEEE24765
2025-05-12 10:53:09,541 - INFO - Processing PDF: ISOIEC 20000
2025-05-12 10:53:09,544 - INFO - Processing PDF: ISO-IEC-IEEE-29119-1
2025-05-12 10:53:15,189 - INFO - Finished processing PDF ISOIEC 20000 in 5.65s
2025-05-12 10:53:16,173 - INFO - Finished processing PDF IEEE 730 in 6.63s
2025-05-12 10:53:16,198 - INFO - Finished processing PDF IEEE 829 in 6.66s
2025-05-12 10:53:16,206 - INFO - Finished processing PDF ISO-IEC-IEEE-29119-1 in 6.66s
2025-05-12 10:53:17,113 - INFO - Finished processing PDF IEEE24765 in 7.57s
2025-05-12 10:57:00,301 - INFO - Total query processing time: 245.89s
2025-05-12 11:07:12,084 - INFO - Processing query: How does IEEE 730's risk-based approach impact incident response planning?
2025-05-12 11:07:12,084 - INFO - Settings: {'useOnlineContext': False, 'useDatabase': True}
2025-05-12 11:07:12,085 - INFO - Chosen PDFs: []
2025-05-12 11:07:26,197 - INFO - Processing 5 relevant PDFs in parallel
2025-05-12 11:07:26,199 - INFO - Processing PDF: IEEE 730
2025-05-12 11:07:26,200 - INFO - Processing PDF: IEEE24765
2025-05-12 11:07:26,202 - INFO - Processing PDF: ISO-IEC-IEEE-29119-1
2025-05-12 11:07:26,203 - INFO - Processing PDF: IEEE 829
2025-05-12 11:07:26,206 - INFO - Processing PDF: ISO-IEC-IEEE-90003-2018
2025-05-12 11:07:26,419 - INFO - Finished processing PDF ISO-IEC-IEEE-90003-2018 in 0.21s
2025-05-12 11:07:31,280 - INFO - Generated chat name: Ieee 730 Risk Response
2025-05-12 11:07:31,672 - INFO - Finished processing PDF ISO-IEC-IEEE-29119-1 in 5.47s
2025-05-12 11:07:32,236 - INFO - Finished processing PDF IEEE 730 in 6.04s
2025-05-12 11:07:32,428 - INFO - Finished processing PDF IEEE 829 in 6.22s
2025-05-12 11:07:32,841 - INFO - Finished processing PDF IEEE24765 in 6.64s
2025-05-12 11:09:24,211 - INFO - Total query processing time: 132.13s
2025-05-12 11:18:33,818 - INFO - Processing query: How are privacy considerations incorporated within IEEE 730's security framework?
2025-05-12 11:18:33,819 - INFO - Settings: {'useOnlineContext': False, 'useDatabase': True}
2025-05-12 11:18:33,819 - INFO - Chosen PDFs: []
2025-05-12 11:18:48,030 - INFO - Processing 5 relevant PDFs in parallel
2025-05-12 11:18:48,031 - ERROR - Error processing relevant PDFs: cannot access local variable 'query_vector' where it is not associated with a value
2025-05-12 11:18:53,222 - INFO - Generated chat name: Ieee 730 Privacy Framework
2025-05-12 11:21:37,180 - INFO - Total query processing time: 183.36s
2025-05-12 11:25:17,164 - INFO - Processing query: How are privacy considerations incorporated within IEEE 730's security framework?
2025-05-12 11:25:17,166 - INFO - Settings: {'useOnlineContext': False, 'useDatabase': True}
2025-05-12 11:25:17,167 - INFO - Chosen PDFs: []
2025-05-12 11:25:17,175 - INFO - Generating related queries for: How are privacy considerations incorporated within IEEE 730's security framework?
2025-05-12 11:25:29,643 - INFO - Generated chat name: Ieee 730 Privacy Framework
2025-05-12 11:25:32,109 - INFO - Processing 5 relevant PDFs in parallel
2025-05-12 11:25:32,109 - ERROR - Error processing relevant PDFs: cannot access local variable 'query_vector' where it is not associated with a value
2025-05-12 11:25:35,120 - ERROR - Error getting related queries: 
2025-05-12 11:25:59,169 - INFO - Generated 5 related queries in 41.99s
2025-05-12 11:28:27,714 - INFO - Total query processing time: 190.55s
2025-05-12 11:35:36,270 - INFO - Processing query: What are the key IEC and ISO regulations for electrical safety in industrial settings?
2025-05-12 11:35:36,272 - INFO - Settings: {'useOnlineContext': False, 'useDatabase': True}
2025-05-12 11:35:36,273 - INFO - Chosen PDFs: []
2025-05-12 11:35:36,284 - INFO - Generating related queries for: What are the key IEC and ISO regulations for electrical safety in industrial settings?
2025-05-12 11:35:52,975 - INFO - Processing 5 relevant PDFs in parallel
2025-05-12 11:35:52,981 - INFO - Processing PDF: ISO-IEC-25010-2011
2025-05-12 11:35:52,985 - INFO - Processing PDF: ISOIEC 20000
2025-05-12 11:35:52,989 - INFO - Processing PDF: IEEE24765
2025-05-12 11:35:52,990 - INFO - Processing PDF: ISO-IEC-15504-5-2012
2025-05-12 11:35:52,992 - INFO - Processing PDF: ISO-IEC-IEEE-12207-2017
2025-05-12 11:35:53,645 - WARNING - No relevant texts found in PDF: ISO-IEC-25010-2011
2025-05-12 11:35:53,654 - WARNING - No relevant texts found in PDF: ISOIEC 20000
2025-05-12 11:35:53,657 - WARNING - No relevant texts found in PDF: ISO-IEC-IEEE-12207-2017
2025-05-12 11:35:53,664 - WARNING - No relevant texts found in PDF: ISO-IEC-15504-5-2012
2025-05-12 11:35:58,395 - WARNING - No relevant texts found in PDF: IEEE24765
2025-05-12 11:35:59,407 - WARNING - Using default chat name due to error: 
2025-05-12 11:36:04,416 - ERROR - Error getting related queries: 
2025-05-12 11:36:20,536 - INFO - Generated 5 related queries in 44.25s
2025-05-12 11:36:29,351 - INFO - Generated chat name: Industrial Electrical Safety Standards
2025-05-12 11:38:31,368 - INFO - Processing query: How to implement ISO-compliant safety training programs?
2025-05-12 11:38:31,369 - INFO - Settings: {'useOnlineContext': False, 'useDatabase': True}
2025-05-12 11:38:31,370 - INFO - Chosen PDFs: []
2025-05-12 11:38:43,565 - INFO - Generated chat name: Iso Safety Training Implementation
2025-05-12 11:38:45,015 - INFO - Processing 5 relevant PDFs in parallel
2025-05-12 11:38:45,015 - ERROR - Error processing relevant PDFs: cannot access local variable 'query_vector' where it is not associated with a value
2025-05-12 11:41:30,526 - INFO - Total query processing time: 179.16s
2025-05-12 11:46:32,536 - INFO - Processing query: How to implement ISO-compliant safety training programs?
2025-05-12 11:46:32,537 - INFO - Settings: {'useOnlineContext': False, 'useDatabase': True}
2025-05-12 11:46:32,537 - INFO - Chosen PDFs: []
2025-05-12 11:46:50,945 - INFO - Processing 5 relevant PDFs in parallel
2025-05-12 11:46:50,947 - INFO - Processing PDF: IEEE24765
2025-05-12 11:46:50,950 - INFO - Processing PDF: IEC-62304-2006-AMD1-2015
2025-05-12 11:46:50,952 - INFO - Processing PDF: ISO-IEC-IEEE-90003-2018
2025-05-12 11:46:50,956 - INFO - Processing PDF: IEEE 730
2025-05-12 11:46:51,246 - WARNING - No relevant texts found in PDF: IEC-62304-2006-AMD1-2015
2025-05-12 11:46:51,248 - WARNING - No relevant texts found in PDF: ISO-IEC-IEEE-90003-2018
2025-05-12 11:46:51,249 - INFO - Processing PDF: MISRA-Compliance-2020
2025-05-12 11:46:52,597 - INFO - Generated chat name: Iso Safety Training Implementation
2025-05-12 11:46:52,610 - WARNING - No relevant texts found in PDF: MISRA-Compliance-2020
2025-05-12 11:46:52,637 - WARNING - No relevant texts found in PDF: IEEE 730
2025-05-12 11:46:57,556 - WARNING - No relevant texts found in PDF: IEEE24765
2025-05-12 11:46:57,557 - ERROR - Error getting related queries: cannot access local variable 'related_queries_future' where it is not associated with a value
2025-05-12 11:50:15,748 - INFO - Processing query: How to implement ISO-compliant safety training programs?
2025-05-12 11:50:15,749 - INFO - Settings: {'useOnlineContext': False, 'useDatabase': True}
2025-05-12 11:50:15,749 - INFO - Chosen PDFs: []
2025-05-12 11:50:27,975 - INFO - Generated chat name: Iso Compliance Safety Training
2025-05-12 11:50:29,117 - INFO - Processing 5 relevant PDFs in parallel
2025-05-12 11:50:29,117 - INFO - Processing PDF: IEEE24765
2025-05-12 11:50:29,118 - INFO - Processing PDF: IEC-62304-2006-AMD1-2015
2025-05-12 11:50:29,119 - INFO - Processing PDF: ISO-IEC-IEEE-90003-2018
2025-05-12 11:50:29,120 - INFO - Processing PDF: IEEE 730
2025-05-12 11:50:29,121 - INFO - Processing PDF: MISRA-Compliance-2020
2025-05-12 11:50:29,329 - WARNING - No relevant texts found in PDF: ISO-IEC-IEEE-90003-2018
2025-05-12 11:50:29,331 - WARNING - No relevant texts found in PDF: IEC-62304-2006-AMD1-2015
2025-05-12 11:50:29,521 - WARNING - No relevant texts found in PDF: MISRA-Compliance-2020
2025-05-12 11:50:30,318 - WARNING - No relevant texts found in PDF: IEEE 730
2025-05-12 11:50:33,399 - WARNING - No relevant texts found in PDF: IEEE24765
2025-05-12 11:50:36,411 - ERROR - Error getting related queries: 
2025-05-12 11:54:15,506 - INFO - Total query processing time: 239.76s
